<testsuites id="" name="" tests="1" failures="0" skipped="0" errors="0" time="9.507741">
<testsuite name="e2e.spec.ts" timestamp="2026-02-04T07:18:01.972Z" hostname="chromium" tests="1" failures="0" skipped="0" time="4.945" errors="0">
<testcase name="E2E Shopping Flow › User should be able to purchase an item completely" classname="e2e.spec.ts" time="4.945">
<system-out>
<![CDATA[Step 1: Logging in...
Step 2: Adding item to cart...
Step 3: Checking cart...
Step 4: Checking out...
Step 5: Finishing order...
Test Passed: Order completed successfully!
]]>
</system-out>
</testcase>
</testsuite>
</testsuites>